2018-05-25 12:26:38,276 INFO o.a.j.u.JMeterUtils: Setting Locale to en_IN
2018-05-25 12:26:38,311 INFO o.a.j.JMeter: Loading user properties from: /home/thimmaiah/tools/apache-jmeter-3.2/bin/user.properties
2018-05-25 12:26:38,312 INFO o.a.j.JMeter: Loading system properties from: /home/thimmaiah/tools/apache-jmeter-3.2/bin/system.properties
2018-05-25 12:26:38,357 INFO o.a.j.JMeter: Copyright (c) 1998-2017 The Apache Software Foundation
2018-05-25 12:26:38,357 INFO o.a.j.JMeter: Version 3.2 r1790748
2018-05-25 12:26:38,357 INFO o.a.j.JMeter: java.version=1.8.0_131
2018-05-25 12:26:38,357 INFO o.a.j.JMeter: java.vm.name=Java HotSpot(TM) 64-Bit Server VM
2018-05-25 12:26:38,357 INFO o.a.j.JMeter: os.name=Linux
2018-05-25 12:26:38,357 INFO o.a.j.JMeter: os.arch=amd64
2018-05-25 12:26:38,357 INFO o.a.j.JMeter: os.version=4.13.0-41-generic
2018-05-25 12:26:38,357 INFO o.a.j.JMeter: file.encoding=UTF-8
2018-05-25 12:26:38,358 INFO o.a.j.JMeter: Max memory     =1843920896
2018-05-25 12:26:38,358 INFO o.a.j.JMeter: Available Processors =4
2018-05-25 12:26:38,379 INFO o.a.j.JMeter: Default Locale=English (India)
2018-05-25 12:26:38,380 INFO o.a.j.JMeter: JMeter  Locale=English (India)
2018-05-25 12:26:38,380 INFO o.a.j.JMeter: JMeterHome=/home/thimmaiah/tools/apache-jmeter-3.2
2018-05-25 12:26:38,380 INFO o.a.j.JMeter: user.dir  =/home/thimmaiah/work/UberNurse
2018-05-25 12:26:38,380 INFO o.a.j.JMeter: PWD       =/home/thimmaiah/work/UberNurse
2018-05-25 12:26:38,381 INFO o.a.j.JMeter: IP: 127.0.1.1 Name: mohiths-laptop FullName: mohiths-laptop
2018-05-25 12:26:40,146 INFO o.a.j.g.a.LookAndFeelCommand: Using look and feel: javax.swing.plaf.metal.MetalLookAndFeel [Metal, CrossPlatform]
2018-05-25 12:26:40,151 INFO o.a.j.JMeter: Loaded icon properties from org/apache/jmeter/images/icon.properties
2018-05-25 12:26:41,403 INFO o.a.j.e.u.CompoundVariable: Note: Function class names must contain the string: '.functions.'
2018-05-25 12:26:41,403 INFO o.a.j.e.u.CompoundVariable: Note: Function class names must not contain the string: '.gui.'
2018-05-25 12:26:44,648 WARN o.j.r.PluginManagerMenuItem: Failed to load plugin updates info
java.net.SocketTimeoutException: connect timed out
	at java.net.PlainSocketImpl.socketConnect(Native Method) ~[?:1.8.0_131]
	at java.net.AbstractPlainSocketImpl.doConnect(AbstractPlainSocketImpl.java:350) ~[?:1.8.0_131]
	at java.net.AbstractPlainSocketImpl.connectToAddress(AbstractPlainSocketImpl.java:206) ~[?:1.8.0_131]
	at java.net.AbstractPlainSocketImpl.connect(AbstractPlainSocketImpl.java:188) ~[?:1.8.0_131]
	at java.net.SocksSocketImpl.connect(SocksSocketImpl.java:392) ~[?:1.8.0_131]
	at java.net.Socket.connect(Socket.java:589) ~[?:1.8.0_131]
	at org.apache.http.conn.ssl.SSLSocketFactory.connectSocket(SSLSocketFactory.java:542) ~[httpclient-4.5.3.jar:4.5.3]
	at org.apache.http.conn.ssl.SSLSocketFactory.connectSocket(SSLSocketFactory.java:414) ~[httpclient-4.5.3.jar:4.5.3]
	at org.apache.http.impl.conn.DefaultClientConnectionOperator.openConnection(DefaultClientConnectionOperator.java:180) ~[httpclient-4.5.3.jar:4.5.3]
	at org.apache.http.impl.conn.ManagedClientConnectionImpl.open(ManagedClientConnectionImpl.java:326) ~[httpclient-4.5.3.jar:4.5.3]
	at org.apache.http.impl.client.DefaultRequestDirector.tryConnect(DefaultRequestDirector.java:610) ~[httpclient-4.5.3.jar:4.5.3]
	at org.apache.http.impl.client.DefaultRequestDirector.execute(DefaultRequestDirector.java:445) ~[httpclient-4.5.3.jar:4.5.3]
	at org.apache.http.impl.client.AbstractHttpClient.doExecute(AbstractHttpClient.java:835) ~[httpclient-4.5.3.jar:4.5.3]
	at org.apache.http.impl.client.CloseableHttpClient.execute(CloseableHttpClient.java:83) ~[httpclient-4.5.3.jar:4.5.3]
	at org.apache.http.impl.client.CloseableHttpClient.execute(CloseableHttpClient.java:56) ~[httpclient-4.5.3.jar:4.5.3]
	at org.jmeterplugins.repository.JARSourceHTTP.execute(JARSourceHTTP.java:345) ~[jmeter-plugins-manager-0.13.jar:?]
	at org.jmeterplugins.repository.JARSourceHTTP.execute(JARSourceHTTP.java:340) ~[jmeter-plugins-manager-0.13.jar:?]
	at org.jmeterplugins.repository.JARSourceHTTP.getJSON(JARSourceHTTP.java:114) ~[jmeter-plugins-manager-0.13.jar:?]
	at org.jmeterplugins.repository.JARSourceHTTP.getRepositories(JARSourceHTTP.java:145) ~[jmeter-plugins-manager-0.13.jar:?]
	at org.jmeterplugins.repository.JARSourceHTTP.getRepo(JARSourceHTTP.java:172) ~[jmeter-plugins-manager-0.13.jar:?]
	at org.jmeterplugins.repository.PluginManager.load(PluginManager.java:46) ~[jmeter-plugins-manager-0.13.jar:?]
	at org.jmeterplugins.repository.PluginManagerMenuItem.<init>(PluginManagerMenuItem.java:28) [jmeter-plugins-manager-0.13.jar:?]
	at org.jmeterplugins.repository.PluginManagerMenuCreator.getMenuItemsAtLocation(PluginManagerMenuCreator.java:22) [jmeter-plugins-manager-0.13.jar:?]
	at org.apache.jmeter.gui.util.JMeterMenuBar.addPluginsMenuItems(JMeterMenuBar.java:594) [ApacheJMeter_core.jar:3.2 r1790748]
	at org.apache.jmeter.gui.util.JMeterMenuBar.makeOptionsMenu(JMeterMenuBar.java:370) [ApacheJMeter_core.jar:3.2 r1790748]
	at org.apache.jmeter.gui.util.JMeterMenuBar.createMenuBar(JMeterMenuBar.java:268) [ApacheJMeter_core.jar:3.2 r1790748]
	at org.apache.jmeter.gui.util.JMeterMenuBar.<init>(JMeterMenuBar.java:164) [ApacheJMeter_core.jar:3.2 r1790748]
	at org.apache.jmeter.gui.MainFrame.init(MainFrame.java:510) [ApacheJMeter_core.jar:3.2 r1790748]
	at org.apache.jmeter.gui.MainFrame.<init>(MainFrame.java:240) [ApacheJMeter_core.jar:3.2 r1790748]
	at org.apache.jmeter.JMeter.startGui(JMeter.java:375) [ApacheJMeter_core.jar:3.2 r1790748]
	at org.apache.jmeter.JMeter.start(JMeter.java:519) [ApacheJMeter_core.jar:3.2 r1790748]
	at sun.reflect.NativeMethodAccessorImpl.invoke0(Native Method) ~[?:1.8.0_131]
	at sun.reflect.NativeMethodAccessorImpl.invoke(NativeMethodAccessorImpl.java:62) ~[?:1.8.0_131]
	at sun.reflect.DelegatingMethodAccessorImpl.invoke(DelegatingMethodAccessorImpl.java:43) ~[?:1.8.0_131]
	at java.lang.reflect.Method.invoke(Method.java:498) ~[?:1.8.0_131]
	at org.apache.jmeter.NewDriver.main(NewDriver.java:248) [ApacheJMeter.jar:3.2 r1790748]
2018-05-25 12:26:48,187 INFO o.a.j.g.u.MenuFactory: Skipping org.apache.jmeter.assertions.BSFAssertion
2018-05-25 12:26:49,104 INFO o.a.j.g.u.MenuFactory: Skipping org.apache.jmeter.extractor.BSFPostProcessor
2018-05-25 12:26:49,145 INFO o.a.j.g.u.MenuFactory: Skipping org.apache.jmeter.modifiers.BSFPreProcessor
2018-05-25 12:26:49,185 INFO o.a.j.p.h.s.HTTPSamplerBase: Parser for text/html is org.apache.jmeter.protocol.http.parser.LagartoBasedHtmlParser
2018-05-25 12:26:49,185 INFO o.a.j.p.h.s.HTTPSamplerBase: Parser for application/xhtml+xml is org.apache.jmeter.protocol.http.parser.LagartoBasedHtmlParser
2018-05-25 12:26:49,185 INFO o.a.j.p.h.s.HTTPSamplerBase: Parser for application/xml is org.apache.jmeter.protocol.http.parser.LagartoBasedHtmlParser
2018-05-25 12:26:49,185 INFO o.a.j.p.h.s.HTTPSamplerBase: Parser for text/xml is org.apache.jmeter.protocol.http.parser.LagartoBasedHtmlParser
2018-05-25 12:26:49,186 INFO o.a.j.p.h.s.HTTPSamplerBase: Parser for text/vnd.wap.wml is org.apache.jmeter.protocol.http.parser.RegexpHTMLParser
2018-05-25 12:26:49,186 INFO o.a.j.p.h.s.HTTPSamplerBase: Parser for text/css is org.apache.jmeter.protocol.http.parser.CssParser
2018-05-25 12:26:49,806 INFO o.a.j.e.KeyToolUtils: keytool found at 'keytool'
2018-05-25 12:26:49,806 INFO o.a.j.p.h.p.ProxyControl: HTTP(S) Test Script Recorder SSL Proxy will use keys that support embedded 3rd party resources in file /home/thimmaiah/tools/apache-jmeter-3.2/bin/proxyserver.jks
2018-05-25 12:26:50,081 INFO o.a.j.g.u.MenuFactory: Skipping org.apache.jmeter.protocol.java.sampler.BSFSampler
2018-05-25 12:26:50,124 INFO o.a.j.s.FileServer: Default base='/home/thimmaiah/work/UberNurse'
2018-05-25 12:26:50,247 INFO o.a.j.g.u.MenuFactory: Skipping org.apache.jmeter.protocol.mongodb.config.MongoSourceElement
2018-05-25 12:26:50,247 INFO o.a.j.g.u.MenuFactory: Skipping org.apache.jmeter.protocol.mongodb.sampler.MongoScriptSampler
2018-05-25 12:26:50,439 INFO o.a.j.g.u.MenuFactory: Skipping org.apache.jmeter.timers.BSFTimer
2018-05-25 12:26:50,472 INFO o.a.j.g.u.MenuFactory: Skipping org.apache.jmeter.visualizers.BSFListener
2018-05-25 12:26:50,743 INFO o.a.j.s.SampleResult: Note: Sample TimeStamps are START times
2018-05-25 12:26:50,743 INFO o.a.j.s.SampleResult: sampleresult.default.encoding is set to ISO-8859-1
2018-05-25 12:26:50,743 INFO o.a.j.s.SampleResult: sampleresult.useNanoTime=true
2018-05-25 12:26:50,743 INFO o.a.j.s.SampleResult: sampleresult.nanoThreadSleep=5000
2018-05-25 12:26:59,422 INFO o.a.j.g.a.Load: Loading file: /home/thimmaiah/work/UberNurse/test/Basic.jmx
2018-05-25 12:26:59,423 INFO o.a.j.s.FileServer: Set new base='/home/thimmaiah/work/UberNurse/test'
2018-05-25 12:26:59,588 INFO o.a.j.s.SaveService: Testplan (JMX) version: 2.2. Testlog (JTL) version: 2.2
2018-05-25 12:26:59,622 INFO o.a.j.s.SaveService: Using SaveService properties file encoding UTF-8
2018-05-25 12:26:59,624 INFO o.a.j.s.SaveService: Using SaveService properties version 3.2
2018-05-25 12:26:59,629 INFO o.a.j.s.SaveService: Loading file: /home/thimmaiah/work/UberNurse/test/Basic.jmx
2018-05-25 12:27:00,403 INFO o.a.j.s.FileServer: Set new base='/home/thimmaiah/work/UberNurse/test'
